d:\documents\visual studio 2017\projects\cattleship\debug\cattleship.lib
d:\documents\visual studio 2017\projects\cattleship\debug\cattleship.exp
d:\documents\visual studio 2017\projects\cattleship\cattleship\debug\vc141.pdb
d:\documents\visual studio 2017\projects\cattleship\cattleship\debug\vc141.idb
d:\documents\visual studio 2017\projects\cattleship\cattleship\debug\ai.obj
d:\documents\visual studio 2017\projects\cattleship\cattleship\debug\board.obj
d:\documents\visual studio 2017\projects\cattleship\cattleship\debug\game.obj
d:\documents\visual studio 2017\projects\cattleship\cattleship\debug\gamestatemenu.obj
d:\documents\visual studio 2017\projects\cattleship\cattleship\debug\gamestateplacement.obj
d:\documents\visual studio 2017\projects\cattleship\cattleship\debug\gamestateplay.obj
d:\documents\visual studio 2017\projects\cattleship\cattleship\debug\main.obj
d:\documents\visual studio 2017\projects\cattleship\cattleship\debug\player.obj
d:\documents\visual studio 2017\projects\cattleship\cattleship\debug\settings.obj
d:\documents\visual studio 2017\projects\cattleship\cattleship\debug\shiputilities.obj
d:\documents\visual studio 2017\projects\cattleship\cattleship\debug\texturemanager.obj
d:\documents\visual studio 2017\projects\cattleship\cattleship\debug\tile.obj
d:\documents\visual studio 2017\projects\cattleship\cattleship\debug\utilities.obj
d:\documents\visual studio 2017\projects\cattleship\debug\cattleship.ilk
d:\documents\visual studio 2017\projects\cattleship\debug\cattleship.exe
d:\documents\visual studio 2017\projects\cattleship\debug\cattleship.pdb
d:\documents\visual studio 2017\projects\cattleship\cattleship\debug\cattleship.tlog\cattleship.write.1u.tlog
d:\documents\visual studio 2017\projects\cattleship\cattleship\debug\cattleship.tlog\cl.command.1.tlog
d:\documents\visual studio 2017\projects\cattleship\cattleship\debug\cattleship.tlog\cl.read.1.tlog
d:\documents\visual studio 2017\projects\cattleship\cattleship\debug\cattleship.tlog\cl.write.1.tlog
d:\documents\visual studio 2017\projects\cattleship\cattleship\debug\cattleship.tlog\link.command.1.tlog
d:\documents\visual studio 2017\projects\cattleship\cattleship\debug\cattleship.tlog\link.read.1.tlog
d:\documents\visual studio 2017\projects\cattleship\cattleship\debug\cattleship.tlog\link.write.1.tlog
