  AI.cpp
d:\documents\visual studio 2017\projects\cattleship\cattleship\ai.cpp(8): warning C4244: 'argument': conversion from 'time_t' to 'unsigned int', possible loss of data
  Generating Code...
  Compiling...
  main.cpp
  GameStatePlay.cpp
d:\documents\visual studio 2017\projects\cattleship\cattleship\gamestateplay.cpp(31): warning C4244: 'argument': conversion from 'int' to 'float', possible loss of data
  GameStatePlacement.cpp
d:\documents\visual studio 2017\projects\cattleship\cattleship\gamestateplacement.cpp(34): warning C4244: 'argument': conversion from 'int' to 'float', possible loss of data
d:\documents\visual studio 2017\projects\cattleship\cattleship\gamestateplacement.cpp(91): warning C4244: 'argument': conversion from 'float' to 'int', possible loss of data
  GameStateMenu.cpp
d:\documents\visual studio 2017\projects\cattleship\cattleship\gamestatemenu.cpp(126): warning C4244: 'argument': conversion from 'const int' to 'float', possible loss of data
d:\documents\visual studio 2017\projects\cattleship\cattleship\gamestatemenu.cpp(131): warning C4244: 'argument': conversion from 'const int' to 'float', possible loss of data
d:\documents\visual studio 2017\projects\cattleship\cattleship\gamestatemenu.cpp(136): warning C4244: 'argument': conversion from 'const int' to 'float', possible loss of data
d:\documents\visual studio 2017\projects\cattleship\cattleship\gamestatemenu.cpp(141): warning C4244: 'argument': conversion from 'const int' to 'float', possible loss of data
d:\documents\visual studio 2017\projects\cattleship\cattleship\gamestatemenu.cpp(148): warning C4244: 'argument': conversion from 'const int' to 'float', possible loss of data
d:\documents\visual studio 2017\projects\cattleship\cattleship\gamestatemenu.cpp(154): warning C4244: 'argument': conversion from 'const int' to 'float', possible loss of data
d:\documents\visual studio 2017\projects\cattleship\cattleship\gamestatemenu.cpp(158): warning C4244: 'argument': conversion from 'const int' to 'float', possible loss of data
  Game.cpp
  Generating Code...
  CattleShip.vcxproj -> d:\Documents\Visual Studio 2017\Projects\CattleShip\Debug\CattleShip.exe
  CattleShip.vcxproj -> d:\Documents\Visual Studio 2017\Projects\CattleShip\Debug\CattleShip.pdb (Partial PDB)
